<testsuite><testcase classname="jmi" name="Semaine 26 chargée" time="0.572"></testcase><testcase classname="jmi" name="Titre Schedule OK" time="0.192"></testcase><testcase classname="jmi" name="#radioS2 est visible" time="0.256"></testcase><testcase classname="jmi" name="#radioG1 est visible" time="0.001"></testcase><testcase classname="jmi" name="#radioG2 est visible" time="0.001"></testcase><testcase classname="jmi" name="#radioG3 est visible" time="0.002"></testcase><testcase classname="jmi" name="#radioG4 est visible" time="0.001"></testcase><testcase classname="jmi" name="#radiotpGA est non visible" time="0.002"></testcase><testcase classname="jmi" name="#radiotpGB est non visible" time="0.002"></testcase><testcase classname="jmi" name="CURRENT_SEM == &quot;S2&quot;" time="0.001"></testcase><testcase classname="jmi" name="CURRENT_GRP == &quot;S2&quot;" time="0.002"></testcase><testcase classname="jmi" name="CURRENT_GRPTP == &quot;&quot;" time="0.001"></testcase><testcase classname="jmi" name="30 .tS4 non visibles" time="0.099"></testcase><testcase classname="jmi" name=".tS2 tous visibles" time="0.103"></testcase><testcase classname="jmi" name="#radioS2 est visible" time="0.209"></testcase><testcase classname="jmi" name="#radioG1 est visible" time="0.001"></testcase><testcase classname="jmi" name="#radioG2 est visible" time="0.002"></testcase><testcase classname="jmi" name="#radioG3 est visible" time="0.001"></testcase><testcase classname="jmi" name="#radioG4 est visible" time="0.001"></testcase><testcase classname="jmi" name="#radiotpGA est visible" time="0.002"></testcase><testcase classname="jmi" name="#radiotpGB est visible" time="0.002"></testcase><testcase classname="jmi" name="CURRENT_SEM == &quot;S2&quot;" time="0.001"></testcase><testcase classname="jmi" name="CURRENT_GRP == &quot;1&quot;" time="0.002"></testcase><testcase classname="jmi" name="CURRENT_GRPTP == &quot;&quot;" time="0.002"></testcase><testcase classname="jmi" name="#radioS2 est visible" time="0.182"></testcase><testcase classname="jmi" name="#radioG1 est visible" time="0.003"></testcase><testcase classname="jmi" name="#radioG2 est visible" time="0.002"></testcase><testcase classname="jmi" name="#radioG3 est visible" time="0.002"></testcase><testcase classname="jmi" name="#radioG4 est visible" time="0.003"></testcase><testcase classname="jmi" name="#radiotpGA est visible" time="0.002"></testcase><testcase classname="jmi" name="#radiotpGB est visible" time="0.003"></testcase><testcase classname="jmi" name="CURRENT_SEM == &quot;S2&quot;" time="0.003"></testcase><testcase classname="jmi" name="CURRENT_GRP == &quot;1&quot;" time="0.003"></testcase><testcase classname="jmi" name="CURRENT_GRPTP == &quot;B&quot;" time="0.002"></testcase><testcase classname="jmi" name="#radioS4 est visible" time="0.179"></testcase><testcase classname="jmi" name="#radioG1 est visible" time="0.001"></testcase><testcase classname="jmi" name="#radioG2 est visible" time="0.002"></testcase><testcase classname="jmi" name="#radioG3 est visible" time="0.001"></testcase><testcase classname="jmi" name="#radioG4 est non visible" time="0.002"></testcase><testcase classname="jmi" name="#radiotpGA est non visible" time="0.002"></testcase><testcase classname="jmi" name="#radiotpGB est non visible" time="0.001"></testcase><testcase classname="jmi" name="CURRENT_SEM == &quot;S4&quot;" time="0.002"></testcase><testcase classname="jmi" name="CURRENT_GRP == &quot;S4&quot;" time="0.001"></testcase><testcase classname="jmi" name="CURRENT_GRPTP == &quot;&quot;" time="0.002"></testcase><testcase classname="jmi" name="30 .tS2 non visibles" time="0.091"></testcase><testcase classname="jmi" name=".tS4 tous visibles" time="0.1"></testcase></testsuite>